{"address": "41b49e764556134f503477f594788874f47929bd4b", "usdt_balance": 0, "last_wallet_activity": "2022-01-07 08:14:21 UTC", "activity_type": "TransferAssetContract", "timestamp": "2025-12-08 20:32:01"}
{"address": "41562a105567a53ead46694b48a436eb7df5a39726", "usdt_balance": 0, "last_wallet_activity": "2021-07-08 05:26:15 UTC", "activity_type": "TransferAssetContract", "timestamp": "2025-12-08 20:32:01"}
{"address": "41265b2cce86f6c7952cea8a7236ec2babd90b8105", "usdt_balance": 0, "last_wallet_activity": "2021-07-19 18:31:15 UTC", "activity_type": "TriggerSmartContract", "timestamp": "2025-12-08 20:32:02"}
{"address": "413dcd803fc6dd9477e3617c5ac0a4b0b85487ebfc", "usdt_balance": 0, "last_wallet_activity": "2021-07-19 08:30:30 UTC", "activity_type": "TriggerSmartContract", "timestamp": "2025-12-08 20:32:02"}
{"address": "41683f92f1930d70402b3c627af6b126f07dbaf3b6", "usdt_balance": 0.000791, "last_wallet_activity": "2021-06-09 19:49:54 UTC", "activity_type": "TransferAssetContract", "timestamp": "2025-12-08 20:32:03"}
{"address": "410110498653715ad2ebc073e607daef001f4d197e", "usdt_balance": 0.000402, "last_wallet_activity": "2021-08-08 08:46:33 UTC", "activity_type": "TransferAssetContract", "timestamp": "2025-12-08 20:32:03"}
{"address": "41368427084cf59930281e3764aee61aa0204f949c", "usdt_balance": 0, "last_wallet_activity": "2021-07-20 20:39:09 UTC", "activity_type": "TriggerSmartContract", "timestamp": "2025-12-08 20:32:03"}
{"address": "413d641c87d2bdebe9269fe774b07b5bd86573428c", "usdt_balance": 0, "last_wallet_activity": "2025-10-03 22:38:54 UTC", "activity_type": "VoteWitnessContract", "timestamp": "2025-12-08 20:32:04"}
{"address": "413c0a10e16f9c685575ef1b5aba432e750e71047a", "usdt_balance": 0, "last_wallet_activity": "2021-07-19 08:34:30 UTC", "activity_type": "TriggerSmartContract", "timestamp": "2025-12-08 20:32:05"}
{"address": "41ca850039e21ec9baf3fa4d05ba15b1807615fbfc", "usdt_balance": 0.000857, "last_wallet_activity": "2021-12-28 08:54:45 UTC", "activity_type": "TransferAssetContract", "timestamp": "2025-12-08 20:32:05"}
{"address": "41fdb93c210f3ee543c206631bff6af56679beaf0c", "usdt_balance": 0.000881, "last_wallet_activity": "2021-08-07 19:55:06 UTC", "activity_type": "TransferAssetContract", "timestamp": "2025-12-08 20:32:06"}
{"address": "412a48f46ad570df4e45f28f5e22a3226ed4e3a3cc", "usdt_balance": 0, "last_wallet_activity": "2022-05-17 14:55:48 UTC", "activity_type": "TriggerSmartContract", "timestamp": "2025-12-08 20:32:07"}
{"address": "41afc8153fa0c49b22992968d69b88c0686137d2ad", "usdt_balance": 0.000841, "last_wallet_activity": "2021-06-17 08:44:21 UTC", "activity_type": "TransferAssetContract", "timestamp": "2025-12-08 20:32:07"}
{"address": "410ba392bd9bc9d6a9cdc0a36c151e4818c5bed668", "usdt_balance": 0.000381, "last_wallet_activity": "2021-07-19 21:00:18 UTC", "activity_type": "TriggerSmartContract", "timestamp": "2025-12-08 20:32:08"}
{"address": "4194a9d029896bee9092bdd25ffd70509a791e6241", "usdt_balance": 0.000207, "last_wallet_activity": "2024-02-02 18:37:21 UTC", "activity_type": "TransferContract", "timestamp": "2025-12-08 20:32:08"}
{"address": "41439419a590c6f782cd040af8663a907b90fb219c", "usdt_balance": 0.000855, "last_wallet_activity": "2025-09-29 14:23:09 UTC", "activity_type": "VoteWitnessContract", "timestamp": "2025-12-08 20:32:09"}
{"address": "41b47b1a7462d50e5f2c8faf009bd85ee52cb78822", "usdt_balance": 0, "last_wallet_activity": "2021-12-28 01:28:36 UTC", "activity_type": "TriggerSmartContract", "timestamp": "2025-12-08 20:32:10"}
{"address": "414e7bd4341fbd941671114b7561fd1780c487390c", "usdt_balance": 0, "last_wallet_activity": "2021-07-08 18:05:48 UTC", "activity_type": "TransferAssetContract", "timestamp": "2025-12-08 20:32:10"}
{"address": "411e7871d47e8de734d4ffc44cd35d0c16d55fb188", "usdt_balance": 0.00014, "last_wallet_activity": "2022-01-03 03:43:15 UTC", "activity_type": "TransferAssetContract", "timestamp": "2025-12-08 20:32:11"}
{"address": "41a94763c92d7e6b79dd87d99ce622e225237c450b", "usdt_balance": 0.000275, "last_wallet_activity": "2023-05-30 03:30:42 UTC", "activity_type": "TransferContract", "timestamp": "2025-12-08 20:32:12"}
{"address": "419d0671116d61a251b1e405def51041de53c5d421", "usdt_balance": 0, "last_wallet_activity": "2023-06-29 03:59:03 UTC", "activity_type": "TransferContract", "timestamp": "2025-12-08 20:32:12"}
{"address": "410d57459471ce28c13201d7fc609b519fe36757fb", "usdt_balance": 0.000377, "last_wallet_activity": "2021-07-20 20:39:12 UTC", "activity_type": "TriggerSmartContract", "timestamp": "2025-12-08 20:32:13"}
{"address": "41db40fb0818cba5133235dd93d66d460bb2fe35ee", "usdt_balance": 0, "last_wallet_activity": "2021-07-08 02:54:45 UTC", "activity_type": "TransferAssetContract", "timestamp": "2025-12-08 20:32:13"}
{"address": "419f22b106ad64ae4decf226d81bf4430ce34d4bce", "usdt_balance": 0, "last_wallet_activity": "2021-07-08 08:19:39 UTC", "activity_type": "TransferAssetContract", "timestamp": "2025-12-08 20:32:14"}
{"address": "4106b63687968ce51ab3cbd28562024294d8476c63", "usdt_balance": 0.001003, "last_wallet_activity": "2022-07-03 09:55:00 UTC", "activity_type": "TriggerSmartContract", "timestamp": "2025-12-08 20:32:15"}
{"address": "41f7ed6fa96b0533ce1053a283bccb8e176193c7c5", "usdt_balance": 0.000746, "last_wallet_activity": "2021-07-20 05:49:12 UTC", "activity_type": "TriggerSmartContract", "timestamp": "2025-12-08 20:32:15"}
{"address": "41696bc42d67cb5815ef3bde1bf802221b3ff4332c", "usdt_balance": 0.000718, "last_wallet_activity": "2021-12-27 12:08:42 UTC", "activity_type": "TransferAssetContract", "timestamp": "2025-12-08 20:32:16"}
{"address": "4188247a7fcb9ffdfb0bf4ba0fdd572a4d8ff784ab", "usdt_balance": 0, "last_wallet_activity": "2021-07-08 10:40:33 UTC", "activity_type": "TransferAssetContract", "timestamp": "2025-12-08 20:32:16"}
{"address": "41b79b1df4b0800c397a65138f69e90105f4623253", "usdt_balance": 0, "last_wallet_activity": "2021-07-08 16:06:42 UTC", "activity_type": "TransferAssetContract", "timestamp": "2025-12-08 20:32:17"}
{"address": "41f834680f5a42e150aa2e68d6f7fd473e171304f1", "usdt_balance": 0.000512, "last_wallet_activity": "2021-12-30 09:13:39 UTC", "activity_type": "TransferAssetContract", "timestamp": "2025-12-08 20:32:18"}
{"address": "4150c1bb9cc64e8d4709d90de18ffd7ae75241bbd1", "usdt_balance": 0.311046, "last_wallet_activity": "2022-08-19 07:15:48 UTC", "activity_type": "TriggerSmartContract", "timestamp": "2025-12-08 20:32:18"}
{"address": "4179d82d0a1979a51d3961dcd181024eba4fd35ead", "usdt_balance": 0, "last_wallet_activity": "2021-06-10 10:28:27 UTC", "activity_type": "TransferAssetContract", "timestamp": "2025-12-08 20:32:19"}
{"address": "41f784d71a4f2a4b802e7421ca0d881cb471c48083", "usdt_balance": 0, "last_wallet_activity": "2021-07-08 08:25:21 UTC", "activity_type": "TransferAssetContract", "timestamp": "2025-12-08 20:32:19"}
{"address": "41aa97642e4137cf828a971de448756958b844d72f", "usdt_balance": 0, "last_wallet_activity": "2025-11-20 22:37:21 UTC", "activity_type": "TransferContract", "timestamp": "2025-12-08 20:32:20"}
{"address": "41531c9ddf2acdf7dd320fcf54ed49d2d5898298f5", "usdt_balance": 0.025003, "last_wallet_activity": "2025-12-08 00:11:36 UTC", "activity_type": "TransferContract", "timestamp": "2025-12-08 20:32:20"}
{"address": "414afc40c727e0feb29cc417fd4f83738e41c2abda", "usdt_balance": 0, "last_wallet_activity": "2021-06-26 15:48:15 UTC", "activity_type": "TransferAssetContract", "timestamp": "2025-12-08 20:32:21"}
{"address": "412aff185911473e4abe030644be007ec99c7606f3", "usdt_balance": 5.6e-05, "last_wallet_activity": "2022-11-25 02:28:06 UTC", "activity_type": "TransferAssetContract", "timestamp": "2025-12-08 20:32:21"}
{"address": "4170d748591e6d5c32e668f91222650da1eb71f663", "usdt_balance": 0.000183, "last_wallet_activity": "2022-02-18 00:27:24 UTC", "activity_type": "TransferAssetContract", "timestamp": "2025-12-08 20:32:22"}
{"address": "41706ea7b842985b304d85c757a4435d9f27672235", "usdt_balance": 0.005057, "last_wallet_activity": "2023-09-28 15:07:24 UTC", "activity_type": "TransferContract", "timestamp": "2025-12-08 20:32:22"}
{"address": "41a9acc0a51af7042e8cb4b0f94f5e447bb1f57d71", "usdt_balance": 0.000895, "last_wallet_activity": "2021-07-19 21:01:51 UTC", "activity_type": "TriggerSmartContract", "timestamp": "2025-12-08 20:32:23"}
{"address": "41f69d2da5a48ba08d912901c462ff11dad763e14a", "usdt_balance": 0, "last_wallet_activity": "2022-06-15 01:14:57 UTC", "activity_type": "UnfreezeBalanceContract", "timestamp": "2025-12-08 20:32:23"}
{"address": "41f82e1a2630f3b4cf900b45cdbcf5045c950613f7", "usdt_balance": 0.344839, "last_wallet_activity": "2022-02-25 14:52:27 UTC", "activity_type": "TriggerSmartContract", "timestamp": "2025-12-08 20:32:24"}
{"address": "4136823cd81f8841fcbc40f553f4c5a4e8a507e806", "usdt_balance": 0.006802, "last_wallet_activity": "2025-05-11 03:06:51 UTC", "activity_type": "WithdrawBalanceContract", "timestamp": "2025-12-08 20:32:25"}
{"address": "411cc4b0c4ecdb9fb95e46ef783f346efedb312ce4", "usdt_balance": 0, "last_wallet_activity": "2021-06-21 18:26:24 UTC", "activity_type": "TransferAssetContract", "timestamp": "2025-12-08 20:32:26"}
{"address": "41d5d73462f546c582f743a86cee983f766fb51da8", "usdt_balance": 0.00073, "last_wallet_activity": "2022-10-13 20:17:12 UTC", "activity_type": "TriggerSmartContract", "timestamp": "2025-12-08 20:32:26"}
{"address": "41db773f215a609814f066ec9a0f80173aa99240f4", "usdt_balance": 0.000398, "last_wallet_activity": "2022-08-02 13:43:00 UTC", "activity_type": "TriggerSmartContract", "timestamp": "2025-12-08 20:32:27"}
{"address": "41a2328dfe8a40055f8df977b11bd8644576af2db3", "usdt_balance": 0.000568, "last_wallet_activity": "2024-12-26 21:41:18 UTC", "activity_type": "TransferContract", "timestamp": "2025-12-08 20:32:28"}
{"address": "41f806c0f1676849f68cfc277fc3003c888b8183ef", "usdt_balance": 53.878166, "last_wallet_activity": "2023-02-20 00:21:51 UTC", "activity_type": "UnfreezeBalanceContract", "timestamp": "2025-12-08 20:32:29"}
{"address": "41bcd3f455f7553ddb89953f06b34eebc78722f5bd", "usdt_balance": 0.000203, "last_wallet_activity": "2021-11-18 13:14:24 UTC", "activity_type": "TransferAssetContract", "timestamp": "2025-12-08 20:32:29"}
{"address": "419d05602d34af4282e60c747226ac3fec148996a8", "usdt_balance": 0.000103, "last_wallet_activity": "2021-07-20 20:38:21 UTC", "activity_type": "TriggerSmartContract", "timestamp": "2025-12-08 20:32:30"}
{"address": "41f813eb0205a6c50bfb9870da79fa04ead0535607", "usdt_balance": 57826.842633, "last_wallet_activity": "2025-11-04 17:30:09 UTC", "activity_type": "TransferContract", "timestamp": "2025-12-08 20:32:31"}
{"address": "41be13fbb2cc9c3625c207283306cdd7ece0066d40", "usdt_balance": 0.000112, "last_wallet_activity": "2021-07-19 21:01:15 UTC", "activity_type": "TriggerSmartContract", "timestamp": "2025-12-08 20:32:31"}
{"address": "417d725b179c2f716b5e56c9f3f32086bbff5b84fb", "usdt_balance": 24143.62451, "last_wallet_activity": "2025-12-04 21:17:00 UTC", "activity_type": "VoteWitnessContract", "timestamp": "2025-12-08 20:32:32"}
{"address": "41a8da08c940060556d5c383268aab9b46a98245fb", "usdt_balance": 0, "last_wallet_activity": "2021-09-18 02:52:27 UTC", "activity_type": "TransferContract", "timestamp": "2025-12-08 20:32:32"}
{"address": "418fdb526a07308f78fbb94e6a8775bea85238c0f3", "usdt_balance": 0, "last_wallet_activity": "2021-06-29 21:37:24 UTC", "activity_type": "TransferAssetContract", "timestamp": "2025-12-08 20:32:33"}
{"address": "416ba3bc6023ceada75a839b055df9bc1b3ed7e385", "usdt_balance": 0.000912, "last_wallet_activity": "2021-06-27 08:58:21 UTC", "activity_type": "TransferAssetContract", "timestamp": "2025-12-08 20:32:33"}
{"address": "41dc9295dda674564de147e6c5a0f048c8ebe555d2", "usdt_balance": 0, "last_wallet_activity": "2021-07-03 14:25:42 UTC", "activity_type": "TransferAssetContract", "timestamp": "2025-12-08 20:32:34"}
{"address": "41749496a899aef3c0f4e7ce14ae29c95200cf74a1", "usdt_balance": 0.0005, "last_wallet_activity": "2021-07-19 21:02:21 UTC", "activity_type": "TransferAssetContract", "timestamp": "2025-12-08 20:32:34"}
{"address": "41c7efc6d6dd79d8c6d607d9f1834d1a5049134cec", "usdt_balance": 0.000749, "last_wallet_activity": "2022-10-13 20:32:12 UTC", "activity_type": "TriggerSmartContract", "timestamp": "2025-12-08 20:32:35"}
{"address": "41ac79950a331b37742ae119b6b5885ccf4961c71b", "usdt_balance": 0, "last_wallet_activity": "2021-07-08 05:31:00 UTC", "activity_type": "TransferAssetContract", "timestamp": "2025-12-08 20:32:35"}
{"address": "4157d276cc76387a516781a392906f69258cdc4e84", "usdt_balance": 0, "last_wallet_activity": "2022-01-14 17:54:15 UTC", "activity_type": "TransferAssetContract", "timestamp": "2025-12-08 20:32:36"}
{"address": "414f4347567637acb7aa01b80f7fc89bbc06639ce2", "usdt_balance": 0.000747, "last_wallet_activity": "2021-08-08 13:12:12 UTC", "activity_type": "TransferAssetContract", "timestamp": "2025-12-08 20:32:36"}
{"address": "4145df4c843670e57f646fec59a58d9f166a66c97c", "usdt_balance": 0.00068, "last_wallet_activity": "2021-07-21 07:24:54 UTC", "activity_type": "TriggerSmartContract", "timestamp": "2025-12-08 20:32:37"}
{"address": "41a8e8197512bc47d33b153ecb20895159b388e41d", "usdt_balance": 0, "last_wallet_activity": "2021-07-08 09:35:33 UTC", "activity_type": "TransferAssetContract", "timestamp": "2025-12-08 20:32:38"}
{"address": "41f85221e8713cfdef725be76186a209ef1393fa9e", "usdt_balance": 0.00087, "last_wallet_activity": "2025-02-15 17:02:24 UTC", "activity_type": "WithdrawBalanceContract", "timestamp": "2025-12-08 20:32:38"}
{"address": "41767e26c8a1bc2caebc5b2c247f2712f9ebc574f2", "usdt_balance": 1043.540088, "last_wallet_activity": "2025-03-31 13:58:00 UTC", "activity_type": "TriggerSmartContract", "timestamp": "2025-12-08 20:32:39"}
{"address": "417eabcc993b77e97025748e2db161c724f6b39994", "usdt_balance": 5.2e-05, "last_wallet_activity": "2021-07-20 05:49:57 UTC", "activity_type": "TriggerSmartContract", "timestamp": "2025-12-08 20:32:39"}
{"address": "416b4b48b433aa648112ffad7cea2d474553a79d4d", "usdt_balance": 0.000636, "last_wallet_activity": "2021-11-17 01:31:06 UTC", "activity_type": "TriggerSmartContract", "timestamp": "2025-12-08 20:32:40"}
{"address": "41f851905718b45e877ca01ad4f6ccbd2f4eb89314", "usdt_balance": 1.6e-05, "last_wallet_activity": "2021-06-12 04:53:42 UTC", "activity_type": "TransferAssetContract", "timestamp": "2025-12-08 20:32:40"}
{"address": "4196b3e6834eeaaa0b65594403f63d2bc265d2d91f", "usdt_balance": 0, "last_wallet_activity": "2022-01-01 00:30:42 UTC", "activity_type": "TransferAssetContract", "timestamp": "2025-12-08 20:32:41"}
{"address": "41b1150092842c3971d0c2fae04c0039b2698ec6b6", "usdt_balance": 0.000387, "last_wallet_activity": "2024-12-27 22:39:09 UTC", "activity_type": "TransferContract", "timestamp": "2025-12-08 20:32:41"}
{"address": "415c31e3e158cb7847b3380205e8235119e26654b0", "usdt_balance": 0.000171, "last_wallet_activity": "2021-07-20 03:59:03 UTC", "activity_type": "TransferAssetContract", "timestamp": "2025-12-08 20:32:42"}
{"address": "41cc86fc3809516e7a148ac614c719ba1738c52b3a", "usdt_balance": 0, "last_wallet_activity": "2021-07-10 22:18:00 UTC", "activity_type": "TransferAssetContract", "timestamp": "2025-12-08 20:32:42"}
{"address": "413f6784aaaeaea5d46116a5ec35e1c289a37250b7", "usdt_balance": 0, "last_wallet_activity": "2025-10-28 18:38:00 UTC", "activity_type": "TransferContract", "timestamp": "2025-12-08 20:32:43"}
{"address": "416188c7054bcbf54fb3670a7ce30fd7520e0b4b33", "usdt_balance": 0, "last_wallet_activity": "2021-07-08 03:47:45 UTC", "activity_type": "TransferAssetContract", "timestamp": "2025-12-08 20:32:44"}
{"address": "41da7851f49bcedeba4e5877fedb04714835887aba", "usdt_balance": 0, "last_wallet_activity": "2025-10-03 01:09:21 UTC", "activity_type": "TransferContract", "timestamp": "2025-12-08 20:32:44"}
{"address": "415e8f5d4ae25e6a9c80c48e85660bb91b285d204a", "usdt_balance": 0, "last_wallet_activity": "2021-07-09 10:42:36 UTC", "activity_type": "TransferAssetContract", "timestamp": "2025-12-08 20:32:45"}
{"address": "412eb2b8add7e322e29c7549e5d236e9b81c229465", "usdt_balance": 0, "last_wallet_activity": "2021-06-13 06:16:42 UTC", "activity_type": "TransferAssetContract", "timestamp": "2025-12-08 20:32:45"}
{"address": "414d1ef8673f916debb7e2515a8f3ecaf2611034aa", "usdt_balance": 0, "last_wallet_activity": "2025-12-06 06:36:54 UTC", "activity_type": "VoteWitnessContract", "timestamp": "2025-12-08 20:32:46"}
{"address": "41a94763c92d7e6b79dd87d99ce622e225237c450b", "usdt_balance": 0.000275, "last_wallet_activity": "2023-05-30 03:30:42 UTC", "activity_type": "TransferContract", "timestamp": "2025-12-08 20:32:46"}
{"address": "41f8582d56bb609552c8d93f92227174ef04fb4ac7", "usdt_balance": 0.000501, "last_wallet_activity": "2021-06-13 22:27:33 UTC", "activity_type": "TransferAssetContract", "timestamp": "2025-12-08 20:32:47"}
{"address": "41f867c0b34397028c60278c2a97c9f84a028bc9d3", "usdt_balance": 0, "last_wallet_activity": "2021-06-13 06:00:36 UTC", "activity_type": "TransferAssetContract", "timestamp": "2025-12-08 20:32:47"}
{"address": "41f9eda87ca0022212eb8fcc9c6ac147bed47fdf64", "usdt_balance": 0.000877, "last_wallet_activity": "2025-12-08 00:11:39 UTC", "activity_type": "TransferContract", "timestamp": "2025-12-08 20:32:48"}
{"address": "41f7bdca6460a63f57ce8d8449a08be211623861a5", "usdt_balance": 0.00012, "last_wallet_activity": "2021-07-09 03:39:54 UTC", "activity_type": "TransferAssetContract", "timestamp": "2025-12-08 20:32:48"}
{"address": "41e1f6150eb8391170d5beb67b7b7993e433f0fdbb", "usdt_balance": 4.5e-05, "last_wallet_activity": "2021-07-19 08:30:09 UTC", "activity_type": "TriggerSmartContract", "timestamp": "2025-12-08 20:32:49"}
{"address": "415c2144b1fb8baba4ea245e9a6573aa47b5a3a15b", "usdt_balance": 0.000364, "last_wallet_activity": "2021-12-29 09:42:12 UTC", "activity_type": "TransferAssetContract", "timestamp": "2025-12-08 20:32:49"}
{"address": "417753e31afbec196223f29b2823eaa1ca089eebdc", "usdt_balance": 0.000205, "last_wallet_activity": "2022-01-01 22:40:27 UTC", "activity_type": "TransferAssetContract", "timestamp": "2025-12-08 20:32:50"}
{"address": "41f85a391a3dc440d19824e412484d19461ff91dc9", "usdt_balance": 0.000565, "last_wallet_activity": "2021-06-13 03:16:21 UTC", "activity_type": "TransferAssetContract", "timestamp": "2025-12-08 20:32:51"}
{"address": "41a1cad769694e80585e20fa3802644e9f4e7226a9", "usdt_balance": 0, "last_wallet_activity": "2021-07-02 13:58:39 UTC", "activity_type": "TransferAssetContract", "timestamp": "2025-12-08 20:32:51"}
{"address": "41c516ac8f202a8af2985433d14c040a5725fde27f", "usdt_balance": 0, "last_wallet_activity": "2021-07-09 07:21:12 UTC", "activity_type": "TransferAssetContract", "timestamp": "2025-12-08 20:32:52"}
{"address": "41aa97642e4137cf828a971de448756958b844d72f", "usdt_balance": 0, "last_wallet_activity": "2025-11-20 22:37:21 UTC", "activity_type": "TransferContract", "timestamp": "2025-12-08 20:32:52"}
{"address": "4179d82d0a1979a51d3961dcd181024eba4fd35ead", "usdt_balance": 0, "last_wallet_activity": "2021-06-10 10:28:27 UTC", "activity_type": "TransferAssetContract", "timestamp": "2025-12-08 20:32:53"}
{"address": "4195321a8227feba47800cbd6c9dc82eb723d771b5", "usdt_balance": 0.000536, "last_wallet_activity": "2022-07-15 15:51:18 UTC", "activity_type": "TriggerSmartContract", "timestamp": "2025-12-08 20:32:53"}
{"address": "419ef82ed19aad3438e921294d3345c2c653c5691f", "usdt_balance": 0, "last_wallet_activity": "2024-03-16 01:55:18 UTC", "activity_type": "TransferAssetContract", "timestamp": "2025-12-08 20:32:54"}
{"address": "414afc40c727e0feb29cc417fd4f83738e41c2abda", "usdt_balance": 0, "last_wallet_activity": "2021-06-26 15:48:15 UTC", "activity_type": "TransferAssetContract", "timestamp": "2025-12-08 20:32:54"}
{"address": "414e20984eac3b3d30fc3951efc4957bccde07eada", "usdt_balance": 0, "last_wallet_activity": "2022-05-25 07:23:45 UTC", "activity_type": "TransferAssetContract", "timestamp": "2025-12-08 20:32:55"}
{"address": "4187f5dd032a8cec97351d9b8b8dc19e4b92eb0920", "usdt_balance": 0.000833, "last_wallet_activity": "2023-07-24 04:12:51 UTC", "activity_type": "TransferContract", "timestamp": "2025-12-08 20:32:55"}
{"address": "41318fc38dedd8f95e9138a175212116e62c3c376e", "usdt_balance": 0.000734, "last_wallet_activity": "2021-08-08 08:44:30 UTC", "activity_type": "TransferAssetContract", "timestamp": "2025-12-08 20:32:56"}
{"address": "41b8772e927e1674f539494eedd9d52691ca436a5c", "usdt_balance": 0.000125, "last_wallet_activity": "2021-07-20 05:48:54 UTC", "activity_type": "TriggerSmartContract", "timestamp": "2025-12-08 20:32:57"}
{"address": "41586dc6001a64005d79ff866f8dceeca57ea62e10", "usdt_balance": 0, "last_wallet_activity": "2021-06-26 13:10:06 UTC", "activity_type": "TransferAssetContract", "timestamp": "2025-12-08 20:32:57"}
{"address": "412270a3320a2a71d24041b10aa3b0fb9175c135dd", "usdt_balance": 0, "last_wallet_activity": "2021-07-08 18:05:57 UTC", "activity_type": "TransferAssetContract", "timestamp": "2025-12-08 20:32:58"}
{"address": "4195af7894ddae8d7bfea8c42c7eea57bc28973412", "usdt_balance": 0.000592, "last_wallet_activity": "2021-07-18 04:20:27 UTC", "activity_type": "TriggerSmartContract", "timestamp": "2025-12-08 20:32:58"}
{"address": "411f985bb78ca9d9259226200f322940f54dabc43c", "usdt_balance": 0, "last_wallet_activity": "2021-07-09 22:52:00 UTC", "activity_type": "TransferAssetContract", "timestamp": "2025-12-08 20:32:59"}
{"address": "410dd7c881cdd5cf06f8faae1d9b780e48d5e5e485", "usdt_balance": 0, "last_wallet_activity": "2021-07-08 14:03:09 UTC", "activity_type": "TransferAssetContract", "timestamp": "2025-12-08 20:33:00"}
{"address": "41c1eb291495fcb85f1a3ea1516571f3e49d706067", "usdt_balance": 0.731687, "last_wallet_activity": "2024-09-30 08:53:00 UTC", "activity_type": "TransferContract", "timestamp": "2025-12-08 20:33:01"}
{"address": "41017521300e72b3b05158e1a0d56c6cf698463798", "usdt_balance": 0.000692, "last_wallet_activity": "2021-07-19 08:34:12 UTC", "activity_type": "TriggerSmartContract", "timestamp": "2025-12-08 20:33:01"}
{"address": "419dbcd6b6f3f10371c208afe151c0963e55137a8c", "usdt_balance": 0, "last_wallet_activity": "2025-08-28 20:41:51 UTC", "activity_type": "TransferContract", "timestamp": "2025-12-08 20:33:02"}
{"address": "41f83ef7fe1ee9ab9957518fb544cedd6d8e1ddd00", "usdt_balance": 0, "last_wallet_activity": "2021-07-08 18:14:00 UTC", "activity_type": "TransferAssetContract", "timestamp": "2025-12-08 20:33:03"}
{"address": "41e73d33ac27cd5febc5c8f394deec38095bfd99e9", "usdt_balance": 0.01, "last_wallet_activity": "2023-05-06 14:25:27 UTC", "activity_type": "TransferAssetContract", "timestamp": "2025-12-08 20:33:03"}
{"address": "41f874e8ff0671660f89f593948e2f6e9ad0f40ed0", "usdt_balance": 0.000873, "last_wallet_activity": "2021-06-06 04:44:18 UTC", "activity_type": "TransferAssetContract", "timestamp": "2025-12-08 20:33:04"}
{"address": "416bc49067af63babee5719d8f47c81ade415929bb", "usdt_balance": 0.000851, "last_wallet_activity": "2021-06-17 10:06:09 UTC", "activity_type": "TransferAssetContract", "timestamp": "2025-12-08 20:33:05"}
{"address": "4118f0b48fbd43827d71456fd1a635f556a9e650bb", "usdt_balance": 0.000589, "last_wallet_activity": "2021-07-09 09:12:51 UTC", "activity_type": "TransferAssetContract", "timestamp": "2025-12-08 20:33:05"}
{"address": "41aa3e4588dce73961a3c35b9fc553c849d3ea57c5", "usdt_balance": 0.000291, "last_wallet_activity": "2021-12-19 23:00:33 UTC", "activity_type": "TransferAssetContract", "timestamp": "2025-12-08 20:33:06"}
{"address": "4113491909168eb66e57bbdefc9dec17ec7c2e52ce", "usdt_balance": 0.000808, "last_wallet_activity": "2021-12-26 14:44:18 UTC", "activity_type": "TransferAssetContract", "timestamp": "2025-12-08 20:33:07"}
{"address": "41861b70e56a993362ad9fd323a56643d5f1b81b10", "usdt_balance": 0, "last_wallet_activity": "2021-06-16 10:32:15 UTC", "activity_type": "TransferAssetContract", "timestamp": "2025-12-08 20:33:07"}
{"address": "41f87591f48aba211636947ab8149397de67e1ab84", "usdt_balance": 0.000832, "last_wallet_activity": "2021-07-20 20:37:57 UTC", "activity_type": "TriggerSmartContract", "timestamp": "2025-12-08 20:33:08"}
{"address": "4182ecdbb066d3ce7308c0b404ac443acb84f95caa", "usdt_balance": 0.000494, "last_wallet_activity": "2022-09-13 23:44:36 UTC", "activity_type": "TransferContract", "timestamp": "2025-12-08 20:33:08"}
{"address": "417a44f09f76d3853b704004eae3b54fd498329413", "usdt_balance": 0, "last_wallet_activity": "2021-07-09 04:28:57 UTC", "activity_type": "TransferAssetContract", "timestamp": "2025-12-08 20:33:09"}
{"address": "4148d07d904a8a10b81aa7d0237620f751bfce6c8a", "usdt_balance": 0.000974, "last_wallet_activity": "2021-07-20 20:38:24 UTC", "activity_type": "TriggerSmartContract", "timestamp": "2025-12-08 20:33:10"}
{"address": "41cf53fb10f54e372d1efa462bcfa92c7d191db131", "usdt_balance": 1.92, "last_wallet_activity": "2021-12-25 17:24:12 UTC", "activity_type": "TransferAssetContract", "timestamp": "2025-12-08 20:33:11"}
{"address": "410b6ed44ccbe07e13b8ce8f43f7fd1b4acbc4d8d2", "usdt_balance": 0.000661, "last_wallet_activity": "2021-07-22 09:50:48 UTC", "activity_type": "TransferAssetContract", "timestamp": "2025-12-08 20:33:11"}
{"address": "415d78f0c7690f3cc7cf89ea86ca2275e6158ae681", "usdt_balance": 0, "last_wallet_activity": "2021-07-10 09:04:39 UTC", "activity_type": "TransferAssetContract", "timestamp": "2025-12-08 20:33:12"}
{"address": "41cf3fdd2d6f76b53bc725f243e7bb2d101917aba3", "usdt_balance": 0, "last_wallet_activity": "2022-10-29 16:37:36 UTC", "activity_type": "TransferContract", "timestamp": "2025-12-08 20:33:13"}
{"address": "4141841de3ce4a6da719f6cd4422e94d4e759f6260", "usdt_balance": 0.000915, "last_wallet_activity": "2022-10-13 20:19:24 UTC", "activity_type": "TriggerSmartContract", "timestamp": "2025-12-08 20:33:13"}
{"address": "4174c27621450ecf552df674a3f31f8cc5ba67960a", "usdt_balance": 0, "last_wallet_activity": "2021-12-22 16:54:06 UTC", "activity_type": "TransferAssetContract", "timestamp": "2025-12-08 20:33:14"}
{"address": "417cebe6fa6c69c204409efb2ee2f50ab508f15290", "usdt_balance": 0.000265, "last_wallet_activity": "2021-06-17 09:27:39 UTC", "activity_type": "TransferAssetContract", "timestamp": "2025-12-08 20:33:14"}
{"address": "4125839ba60738c3ac74e3438b4a4b8c1c9df52f98", "usdt_balance": 0.000997, "last_wallet_activity": "2021-06-10 05:10:42 UTC", "activity_type": "TransferAssetContract", "timestamp": "2025-12-08 20:33:15"}
{"address": "418766cee0921bf80d1e9bed89431fc9140209576d", "usdt_balance": 0.000947, "last_wallet_activity": "2021-06-16 12:14:36 UTC", "activity_type": "TransferAssetContract", "timestamp": "2025-12-08 20:33:15"}
{"address": "410a384088eb756afc210bda8f7e1a9e25fda79103", "usdt_balance": 0.000572, "last_wallet_activity": "2021-07-07 19:11:54 UTC", "activity_type": "TransferAssetContract", "timestamp": "2025-12-08 20:33:16"}
{"address": "41c5ac2d313307cc0add3bea9416bba121a677689e", "usdt_balance": 0, "last_wallet_activity": "2021-09-29 21:45:27 UTC", "activity_type": "TransferAssetContract", "timestamp": "2025-12-08 20:33:17"}
{"address": "41df9379f8e35e56038537818930fddf29957d7a86", "usdt_balance": 0.009938, "last_wallet_activity": "2021-07-19 21:00:09 UTC", "activity_type": "TriggerSmartContract", "timestamp": "2025-12-08 20:33:17"}
{"address": "41a5f54a861f240c6cb1b79cf3486df2768589a760", "usdt_balance": 0, "last_wallet_activity": "2021-07-08 01:34:51 UTC", "activity_type": "TransferAssetContract", "timestamp": "2025-12-08 20:33:18"}
{"address": "41a94763c92d7e6b79dd87d99ce622e225237c450b", "usdt_balance": 0.000275, "last_wallet_activity": "2023-05-30 03:30:42 UTC", "activity_type": "TransferContract", "timestamp": "2025-12-08 20:33:18"}
{"address": "41ceb71361db93e0f5132b5f045782356536256ca3", "usdt_balance": 0.000412, "last_wallet_activity": "2021-07-19 08:31:15 UTC", "activity_type": "TriggerSmartContract", "timestamp": "2025-12-08 20:33:19"}
{"address": "41ff55cb7ff989b3e673a0faa993ffdcf7ebad773d", "usdt_balance": 0.038958, "last_wallet_activity": "2024-02-25 04:59:03 UTC", "activity_type": "WithdrawBalanceContract", "timestamp": "2025-12-08 20:33:20"}
{"address": "4102a673939a2431476b7a1a85ec44d2750ba361ac", "usdt_balance": 0, "last_wallet_activity": "2021-07-08 00:50:42 UTC", "activity_type": "TransferAssetContract", "timestamp": "2025-12-08 20:33:20"}
{"address": "41d1058f175c12f608619125ca17087d40cd911cb3", "usdt_balance": 0.000809, "last_wallet_activity": "2022-01-03 00:31:33 UTC", "activity_type": "TransferAssetContract", "timestamp": "2025-12-08 20:33:21"}
{"address": "41a05a161bbada616b1b1e4202684d03c50c71c31a", "usdt_balance": 0, "last_wallet_activity": "2021-07-12 14:55:03 UTC", "activity_type": "TransferAssetContract", "timestamp": "2025-12-08 20:33:21"}
{"address": "41e2d944c4363d76212937d4a493f4ebfd148b6189", "usdt_balance": 0.000735, "last_wallet_activity": "2023-08-28 06:31:45 UTC", "activity_type": "TransferAssetContract", "timestamp": "2025-12-08 20:33:22"}
{"address": "41d2f038093df0b661ff568bec5d0ef532821a392b", "usdt_balance": 0, "last_wallet_activity": "2021-07-19 08:31:00 UTC", "activity_type": "TriggerSmartContract", "timestamp": "2025-12-08 20:33:23"}
{"address": "41df79b9ada9359154335e3545cf3a721b6a3ef6ce", "usdt_balance": 0.000996, "last_wallet_activity": "2025-12-08 00:11:39 UTC", "activity_type": "TransferContract", "timestamp": "2025-12-08 20:33:23"}
{"address": "41981bba4ab81b44737df94edc46a0715bbd4e713a", "usdt_balance": 0.608184, "last_wallet_activity": "2022-07-15 11:56:51 UTC", "activity_type": "TransferContract", "timestamp": "2025-12-08 20:33:24"}
{"address": "41aa97642e4137cf828a971de448756958b844d72f", "usdt_balance": 0, "last_wallet_activity": "2025-11-20 22:37:21 UTC", "activity_type": "TransferContract", "timestamp": "2025-12-08 20:33:24"}
{"address": "4179d82d0a1979a51d3961dcd181024eba4fd35ead", "usdt_balance": 0, "last_wallet_activity": "2021-06-10 10:28:27 UTC", "activity_type": "TransferAssetContract", "timestamp": "2025-12-08 20:33:25"}
{"address": "4154fd6417173624db9b144d8d89feb088e71c0ce8", "usdt_balance": 0, "last_wallet_activity": "2021-07-08 01:52:12 UTC", "activity_type": "TransferAssetContract", "timestamp": "2025-12-08 20:33:25"}
{"address": "41dfc9cda21e64ad19c9dfa0dfa1f9f4a1d5cee9af", "usdt_balance": 0, "last_wallet_activity": "2021-06-27 08:16:18 UTC", "activity_type": "TransferAssetContract", "timestamp": "2025-12-08 20:33:26"}
{"address": "41d41b15c01ba67293b3ecc979f1a1ad901c362210", "usdt_balance": 0.000803, "last_wallet_activity": "2021-07-19 08:31:24 UTC", "activity_type": "TriggerSmartContract", "timestamp": "2025-12-08 20:33:27"}
{"address": "41e8fa2f5f008ded7a14c6da76f88e32e740493cfd", "usdt_balance": 0.000489, "last_wallet_activity": "2021-07-19 21:01:15 UTC", "activity_type": "TriggerSmartContract", "timestamp": "2025-12-08 20:33:27"}
{"address": "41f819f41b550846f0fb1f7e6c0ba5cd5421a042c4", "usdt_balance": 0.000719, "last_wallet_activity": "2022-01-04 11:40:57 UTC", "activity_type": "TransferAssetContract", "timestamp": "2025-12-08 20:33:28"}
{"address": "41f69d2da5a48ba08d912901c462ff11dad763e14a", "usdt_balance": 0, "last_wallet_activity": "2022-06-15 01:14:57 UTC", "activity_type": "UnfreezeBalanceContract", "timestamp": "2025-12-08 20:33:28"}
{"address": "4183cd167a40d7c70eee4ffd0a5635b0001a3fac41", "usdt_balance": 0.347857, "last_wallet_activity": "2025-09-18 11:33:57 UTC", "activity_type": "TriggerSmartContract", "timestamp": "2025-12-08 20:33:29"}
{"address": "4197783cb60ffde60a3fe0f631ef90aaa86523c567", "usdt_balance": 0, "last_wallet_activity": "2025-02-22 16:01:57 UTC", "activity_type": "TransferContract", "timestamp": "2025-12-08 20:33:30"}
{"address": "41766fee8b7f4d337377a42ff79646b5677a06d763", "usdt_balance": 0, "last_wallet_activity": "2021-07-19 08:33:48 UTC", "activity_type": "TriggerSmartContract", "timestamp": "2025-12-08 20:33:30"}
{"address": "41550829584f2163ae8f1a5ee790be3fcd823f8498", "usdt_balance": 0, "last_wallet_activity": "2024-04-21 12:51:36 UTC", "activity_type": "UnfreezeBalanceV2Contract", "timestamp": "2025-12-08 20:33:31"}
{"address": "41b83a843a9e84b6186837f6799e3f85ff6f71eb8a", "usdt_balance": 0.000796, "last_wallet_activity": "2021-08-09 09:42:51 UTC", "activity_type": "TransferAssetContract", "timestamp": "2025-12-08 20:33:31"}
{"address": "4121b3730169a25f68ebfffea2ce17751eb9c73eac", "usdt_balance": 0, "last_wallet_activity": "2024-08-25 14:38:51 UTC", "activity_type": "TransferContract", "timestamp": "2025-12-08 20:33:32"}
{"address": "416c05960b7beb87e68992bce8e9a2d863a4f976c3", "usdt_balance": 0, "last_wallet_activity": "2021-07-19 02:32:21 UTC", "activity_type": "TransferAssetContract", "timestamp": "2025-12-08 20:33:33"}
{"address": "41b46fdeab0b094dde57096731acb926693004c9c5", "usdt_balance": 0, "last_wallet_activity": "2022-01-10 14:51:09 UTC", "activity_type": "TransferAssetContract", "timestamp": "2025-12-08 20:33:33"}
{"address": "416f2ba5f3519ec5d09d57bc7d27d82420154fd285", "usdt_balance": 0, "last_wallet_activity": "2021-07-19 20:58:57 UTC", "activity_type": "TriggerSmartContract", "timestamp": "2025-12-08 20:33:34"}
{"address": "411566e0a8facf4b8e2eb9312c098e7dc9ed6d8cb5", "usdt_balance": 4.4e-05, "last_wallet_activity": "2021-06-13 14:05:12 UTC", "activity_type": "TransferAssetContract", "timestamp": "2025-12-08 20:33:35"}
{"address": "41fd86045ac1dc971016bb0545a9c7c28a161d3dea", "usdt_balance": 0.000701, "last_wallet_activity": "2024-12-07 23:07:21 UTC", "activity_type": "TransferContract", "timestamp": "2025-12-08 20:33:35"}
{"address": "41e503fe0b91260934f14e715a98061da9fff49345", "usdt_balance": 0.000844, "last_wallet_activity": "2021-07-20 05:49:24 UTC", "activity_type": "TriggerSmartContract", "timestamp": "2025-12-08 20:33:36"}
{"address": "4144f5f3bbcdd5ae548cd91ee6cbd623b4f86a25f4", "usdt_balance": 20.0, "last_wallet_activity": "2024-02-13 01:39:42 UTC", "activity_type": "TriggerSmartContract", "timestamp": "2025-12-08 20:33:37"}
{"address": "4104e90d40798051f8c5dc5b37fbed86f13b1505fd", "usdt_balance": 0, "last_wallet_activity": "2021-07-19 20:59:45 UTC", "activity_type": "TriggerSmartContract", "timestamp": "2025-12-08 20:33:37"}
{"address": "41f8b730f5bcfb886aad641d838d8ae67936236f4f", "usdt_balance": 0.000376, "last_wallet_activity": "2021-06-11 18:18:57 UTC", "activity_type": "TransferAssetContract", "timestamp": "2025-12-08 20:33:38"}
{"address": "4124103736a12a30a13240ec01d0953f52e20ebad5", "usdt_balance": 0.000201, "last_wallet_activity": "2021-08-08 10:12:30 UTC", "activity_type": "TransferAssetContract", "timestamp": "2025-12-08 20:33:38"}
{"address": "41e72347ae454f0b91808c9cc9726415f887b42417", "usdt_balance": 0.05, "last_wallet_activity": "2022-04-16 13:42:09 UTC", "activity_type": "TransferAssetContract", "timestamp": "2025-12-08 20:33:39"}
{"address": "4191c1cdbd892ceab8f1fd2c801827838f9deb35e6", "usdt_balance": 0, "last_wallet_activity": "2021-07-08 02:48:06 UTC", "activity_type": "TransferAssetContract", "timestamp": "2025-12-08 20:33:39"}
{"address": "41f8a3e866eec6febf4ba0dd571a5faac782430208", "usdt_balance": 0.000494, "last_wallet_activity": "2021-06-12 20:17:45 UTC", "activity_type": "TransferAssetContract", "timestamp": "2025-12-08 20:33:40"}
{"address": "419bae666348a722af0c0fd143c0dcea96ee770c23", "usdt_balance": 0, "last_wallet_activity": "2021-07-10 14:22:30 UTC", "activity_type": "TransferAssetContract", "timestamp": "2025-12-08 20:33:40"}
{"address": "41c66e0d2af845339a3ba232d00bfbe75cbd3c5906", "usdt_balance": 0, "last_wallet_activity": "2021-06-07 00:23:42 UTC", "activity_type": "TransferAssetContract", "timestamp": "2025-12-08 20:33:41"}
{"address": "41fe1c3b8230f957d71e722bdaf284cf1d2d1dd3c7", "usdt_balance": 1.9e-05, "last_wallet_activity": "2021-07-19 20:59:42 UTC", "activity_type": "TriggerSmartContract", "timestamp": "2025-12-08 20:33:41"}
{"address": "415195ccd9d7862d335ee876203822926ea522ea4d", "usdt_balance": 0.000213, "last_wallet_activity": "2021-07-20 05:48:57 UTC", "activity_type": "TransferContract", "timestamp": "2025-12-08 20:33:42"}
{"address": "4124d0cdf8e2dbb5d3c792d062753365676fe767ee", "usdt_balance": 0, "last_wallet_activity": "2021-07-21 20:25:21 UTC", "activity_type": "TransferAssetContract", "timestamp": "2025-12-08 20:33:43"}
{"address": "41907e3111bcd88535267bf35117278eb04ccf73ef", "usdt_balance": 0.000989, "last_wallet_activity": "2021-12-29 08:42:39 UTC", "activity_type": "TransferAssetContract", "timestamp": "2025-12-08 20:33:43"}
{"address": "41ea032b0301f1fddba940c7369533bead8e38149e", "usdt_balance": 0, "last_wallet_activity": "2021-07-08 06:29:09 UTC", "activity_type": "TransferAssetContract", "timestamp": "2025-12-08 20:33:44"}
{"address": "41f93dff2ec9a8711d7774bfd778435e53072b777b", "usdt_balance": 0.438716, "last_wallet_activity": "2022-07-15 14:51:00 UTC", "activity_type": "TriggerSmartContract", "timestamp": "2025-12-08 20:33:44"}
{"address": "413d641c87d2bdebe9269fe774b07b5bd86573428c", "usdt_balance": 0, "last_wallet_activity": "2025-10-03 22:38:54 UTC", "activity_type": "VoteWitnessContract", "timestamp": "2025-12-08 20:33:45"}
{"address": "41a366f3bbe1a29fe59a4e5500e0b32a47e648773d", "usdt_balance": 0.000273, "last_wallet_activity": "2024-12-06 04:55:21 UTC", "activity_type": "VoteWitnessContract", "timestamp": "2025-12-08 20:33:46"}
{"address": "4160cc95a2a166bc059dffc7ba6b80b3b5a1b08132", "usdt_balance": 0.000733, "last_wallet_activity": "2025-09-18 22:17:09 UTC", "activity_type": "TransferContract", "timestamp": "2025-12-08 20:33:46"}
{"address": "4148d7a5adce322802949e309fe2e2823619a4d4bc", "usdt_balance": 0, "last_wallet_activity": "2022-01-11 03:17:03 UTC", "activity_type": "TransferAssetContract", "timestamp": "2025-12-08 20:33:47"}
{"address": "419e4401571650f20f4c08cd64c2e33cccd822ce2c", "usdt_balance": 0.000578, "last_wallet_activity": "2025-09-08 21:11:48 UTC", "activity_type": "WithdrawBalanceContract", "timestamp": "2025-12-08 20:33:47"}
{"address": "417eba70b53fef9640d5691dfb2635719629d3f660", "usdt_balance": 0.00045, "last_wallet_activity": "2021-07-19 21:00:54 UTC", "activity_type": "TriggerSmartContract", "timestamp": "2025-12-08 20:33:48"}
{"address": "41fa5112d85d4a53586cdfb8b3caf09d44a980151c", "usdt_balance": 0.001057, "last_wallet_activity": "2021-12-30 23:24:57 UTC", "activity_type": "TransferAssetContract", "timestamp": "2025-12-08 20:33:48"}
{"address": "41b9ac10dfaa30577572275a6cf72fdd4452c1a4fc", "usdt_balance": 0.001457, "last_wallet_activity": "2022-11-11 22:25:45 UTC", "activity_type": "TriggerSmartContract", "timestamp": "2025-12-08 20:33:49"}
{"address": "4157f5a4e09367ef38fcd7417ae1cb08b1110b9b86", "usdt_balance": 0.000438, "last_wallet_activity": "2021-07-11 19:42:48 UTC", "activity_type": "TransferAssetContract", "timestamp": "2025-12-08 20:33:49"}
{"address": "414d1ef8673f916debb7e2515a8f3ecaf2611034aa", "usdt_balance": 0, "last_wallet_activity": "2025-12-06 06:36:54 UTC", "activity_type": "VoteWitnessContract", "timestamp": "2025-12-08 20:33:50"}
{"address": "4188f001eb4ea4662c1e6058f73a6940be76ca4275", "usdt_balance": 0, "last_wallet_activity": "2021-07-08 03:51:39 UTC", "activity_type": "TransferAssetContract", "timestamp": "2025-12-08 20:33:50"}
{"address": "41a94763c92d7e6b79dd87d99ce622e225237c450b", "usdt_balance": 0.000275, "last_wallet_activity": "2023-05-30 03:30:42 UTC", "activity_type": "TransferContract", "timestamp": "2025-12-08 20:33:51"}
{"address": "41703c7557b583985391ee76f5be2796efaebbc11d", "usdt_balance": 2.8e-05, "last_wallet_activity": "2021-10-24 04:20:51 UTC", "activity_type": "TransferContract", "timestamp": "2025-12-08 20:33:51"}
{"address": "417833f83d3e57e2b45c0edbb5b819a4571bb207f8", "usdt_balance": 0.000996, "last_wallet_activity": "2022-12-09 01:43:33 UTC", "activity_type": "TransferAssetContract", "timestamp": "2025-12-08 20:33:52"}
{"address": "419a06b6f990ea8bf5dd6cefbdaaaa859f4608f7e5", "usdt_balance": 0, "last_wallet_activity": "2021-06-16 10:28:27 UTC", "activity_type": "TransferAssetContract", "timestamp": "2025-12-08 20:33:53"}
{"address": "41cb81098139ca6db65879c1e5a3bfe4ff44944873", "usdt_balance": 0, "last_wallet_activity": "2021-07-20 02:58:06 UTC", "activity_type": "TransferAssetContract", "timestamp": "2025-12-08 20:33:53"}
{"address": "412c7988b2955e6597af31a8b72f5e9236e3e591d0", "usdt_balance": 0, "last_wallet_activity": "2021-07-20 05:49:24 UTC", "activity_type": "TriggerSmartContract", "timestamp": "2025-12-08 20:33:54"}
